<?xml version="1.0" encoding="utf-8"?><testsuites name="pytest tests"><testsuite name="pytest" errors="0" failures="1" skipped="0" tests="23" time="4.200" timestamp="2026-02-27T18:02:57.963405+00:00" hostname="agent-env-dd9b71b0-30e8-4806-9fe9-a1f1c6b0e4fd"><testcase classname="backend.tests.test_brain_forecast_moe.TestForecastEndpoint" name="test_forecast_returns_valid_response" time="0.338" /><testcase classname="backend.tests.test_brain_forecast_moe.TestForecastEndpoint" name="test_forecast_quantile_monotonicity" time="0.094" /><testcase classname="backend.tests.test_brain_forecast_moe.TestForecastEndpoint" name="test_forecast_all_values_finite" time="0.090" /><testcase classname="backend.tests.test_brain_forecast_moe.TestForecastEndpoint" name="test_forecast_determinism" time="0.178" /><testcase classname="backend.tests.test_brain_forecast_moe.TestForecastEndpoint" name="test_forecast_no_lookahead" time="0.158" /><testcase classname="backend.tests.test_brain_forecast_moe.TestForecastEndpoint" name="test_forecast_model_is_not_baseline" time="0.114" /><testcase classname="backend.tests.test_brain_forecast_moe.TestForecastEndpoint" name="test_forecast_model_version_is_moe" time="0.091" /><testcase classname="backend.tests.test_brain_forecast_moe.TestForecastEndpoint" name="test_forecast_tail_risk_in_range" time="0.088" /><testcase classname="backend.tests.test_brain_forecast_moe.TestForecastEndpoint" name="test_forecast_regime_probabilities_present" time="0.098" /><testcase classname="backend.tests.test_brain_forecast_moe.TestStatusEndpoint" name="test_status_returns_valid_response" time="0.109" /><testcase classname="backend.tests.test_brain_forecast_moe.TestStatusEndpoint" name="test_status_is_not_baseline" time="0.089" /><testcase classname="backend.tests.test_brain_forecast_moe.TestStatusEndpoint" name="test_status_coverage_info" time="0.080" /><testcase classname="backend.tests.test_brain_forecast_moe.TestTrainEndpoint" name="test_train_returns_stats" time="1.005" /><testcase classname="backend.tests.test_brain_forecast_moe.TestTrainEndpoint" name="test_train_model_version_qv1_moe" time="0.592" /><testcase classname="backend.tests.test_brain_forecast_moe.TestTrainEndpoint" name="test_train_then_forecast_uses_trained_model" time="0.078"><failure message="AssertionError: Train failed: {&quot;ok&quot;:false,&quot;error&quot;:&quot;INSUFFICIENT_DATA&quot;,&quot;message&quot;:&quot;Only 0 valid samples, need at least 60&quot;,&quot;stats&quot;:{&quot;totalDates&quot;:0,&quot;validSamples&quot;:0,&quot;skippedNoForwardPrice&quot;:0,&quot;perExpert&quot;:{&quot;EASING&quot;:0,&quot;TIGHTENING&quot;:0,&quot;STRESS&quot;:0,&quot;NEUTRAL&quot;:0,&quot;NEUTRAL_MIXED&quot;:0}}}&#10;assert 400 == 200&#10; +  where 400 = &lt;Response [400]&gt;.status_code">backend/tests/test_brain_forecast_moe.py:314: in test_train_then_forecast_uses_trained_model
    assert train_resp.status_code == 200, f"Train failed: {train_resp.text}"
E   AssertionError: Train failed: {"ok":false,"error":"INSUFFICIENT_DATA","message":"Only 0 valid samples, need at least 60","stats":{"totalDates":0,"validSamples":0,"skippedNoForwardPrice":0,"perExpert":{"EASING":0,"TIGHTENING":0,"STRESS":0,"NEUTRAL":0,"NEUTRAL_MIXED":0}}}
E   assert 400 == 200
E    +  where 400 = &lt;Response [400]&gt;.status_code</failure></testcase><testcase classname="backend.tests.test_brain_forecast_moe.TestCompareEndpoint" name="test_compare_returns_valid_response" time="0.100" /><testcase classname="backend.tests.test_brain_forecast_moe.TestCompareEndpoint" name="test_compare_has_all_horizons" time="0.101" /><testcase classname="backend.tests.test_brain_forecast_moe.TestCompareEndpoint" name="test_compare_has_required_fields" time="0.134" /><testcase classname="backend.tests.test_brain_forecast_moe.TestCompareEndpoint" name="test_compare_summary_structure" time="0.133" /><testcase classname="backend.tests.test_brain_forecast_moe.TestCompareEndpoint" name="test_compare_model_info" time="0.094" /><testcase classname="backend.tests.test_brain_forecast_moe.TestEdgeCases" name="test_forecast_with_past_asOf" time="0.089" /><testcase classname="backend.tests.test_brain_forecast_moe.TestEdgeCases" name="test_forecast_default_asset" time="0.087" /><testcase classname="backend.tests.test_brain_forecast_moe.TestEdgeCases" name="test_compare_with_historical_asOf" time="0.091" /></testsuite></testsuites>